<?xml version="1.0" encoding="UTF-8"?>
<TestRun id="db2e233c-3319-44db-8dab-a19d640ddba9" name="vavelino@WEC823 2013-03-18 18:26:21" runUser="SHCNET\vavelino" xmlns="http://microsoft.com/schemas/VisualStudio/TeamTest/2010">
  <TestSettings name="Local Test Run" id="a1b13695-aa10-44a2-b14f-b5e46c2b5d46">
    <Description>This is a default test run configuration for a local test run.</Description>
    <Deployment runDeploymentRoot="vavelino_WEC823 2013-03-18 18_26_21">
      <DeploymentItem filename="C:\_Projetos\ImpactaCSharp1\Impacta.Dominio\bin\Debug\Impacta.Dominio.dll" />
      <DeploymentItem filename="C:\_Projetos\ImpactaCSharp1\Impacta.Infra.Repositorios.SqlServer\bin\Debug\Impacta.Infra.Repositorios.SqlServer.dll" />
    </Deployment>
    <Execution>
      <TestTypeSpecific />
      <AgentRule name="Execution Agents">
      </AgentRule>
    </Execution>
  </TestSettings>
  <Times creation="2013-03-18T18:26:21.7508181-03:00" queuing="2013-03-18T18:26:22.2918490-03:00" start="2013-03-18T18:26:22.3018496-03:00" finish="2013-03-18T18:26:22.7508753-03:00" />
  <ResultSummary outcome="Failed">
    <Counters total="1" executed="1" error="0" failed="1" timeout="0" aborted="0" inconclusive="0" passedButRunAborted="0" notRunnable="0" notExecuted="0" disconnected="0" warning="0" passed="0" completed="0" inProgress="0" pending="0" />
  </ResultSummary>
  <TestDefinitions>
    <UnitTest name="ExecutarProcedureTest" storage="c:\_projetos\impactacsharp1\impacta.infra.repositorios.sqlserver.testes\bin\debug\impacta.infra.repositorios.sqlserver.testes.dll" id="da732584-e34b-9b64-f7b2-c437ee0ee7b1">
      <Execution id="866e71cc-4978-45d2-bac6-efcc27dd9cbb" />
      <TestMethod codeBase="C:/_Projetos/ImpactaCSharp1/Impacta.Infra.Repositorios.SqlServer.Testes/bin/Debug/Impacta.Infra.Repositorios.SqlServer.Testes.DLL" adapterTypeName="Microsoft.VisualStudio.TestTools.TestTypes.Unit.UnitTestAdapter, Microsoft.VisualStudio.QualityTools.Tips.UnitTest.Adapter, Version=10.0.0.0, Culture=neutral, PublicKeyToken=b03f5f7f11d50a3a" className="Impacta.Infra.Repositorios.SqlServer.Testes.BaseRepositorioTest, Impacta.Infra.Repositorios.SqlServer.Testes, Version=1.0.0.0, Culture=neutral, PublicKeyToken=null" name="ExecutarProcedureTest" />
    </UnitTest>
  </TestDefinitions>
  <TestLists>
    <TestList name="Results Not in a List" id="8c84fa94-04c1-424b-9868-57a2d4851a1d" />
    <TestList name="All Loaded Results" id="19431567-8539-422a-85d7-44ee4e166bda" />
  </TestLists>
  <TestEntries>
    <TestEntry testId="da732584-e34b-9b64-f7b2-c437ee0ee7b1" executionId="866e71cc-4978-45d2-bac6-efcc27dd9cbb" testListId="8c84fa94-04c1-424b-9868-57a2d4851a1d" />
  </TestEntries>
  <Results>
    <UnitTestResult executionId="866e71cc-4978-45d2-bac6-efcc27dd9cbb" testId="da732584-e34b-9b64-f7b2-c437ee0ee7b1" testName="ExecutarProcedureTest" computerName="WEC823" duration="00:00:00.1564949" startTime="2013-03-18T18:26:22.3038497-03:00" endTime="2013-03-18T18:26:22.7388746-03:00" testType="13cdc9d9-ddb5-4fa4-a97d-d965ccfc6d4b" outcome="Failed" testListId="8c84fa94-04c1-424b-9868-57a2d4851a1d" relativeResultsDirectory="866e71cc-4978-45d2-bac6-efcc27dd9cbb">
      <Output>
        <ErrorInfo>
          <Message>Test method Impacta.Infra.Repositorios.SqlServer.Testes.BaseRepositorioTest.ExecutarProcedureTest threw exception: 
System.Data.Odbc.OdbcException: ERROR [42000] [Microsoft][ODBC SQL Server Driver][SQL Server]Procedure or function 'spPesquisarPfcApollo' expects parameter '@CNPJLoja', which was not supplied.</Message>
          <StackTrace>    at System.Data.Odbc.OdbcConnection.HandleError(OdbcHandle hrHandle, RetCode retcode)
   at System.Data.Odbc.OdbcCommand.ExecuteReaderObject(CommandBehavior behavior, String method, Boolean needReader, Object[] methodArguments, SQL_API odbcApiMethod)
   at System.Data.Odbc.OdbcCommand.ExecuteReaderObject(CommandBehavior behavior, String method, Boolean needReader)
   at System.Data.Odbc.OdbcCommand.ExecuteReader(CommandBehavior behavior)
   at System.Data.Odbc.OdbcCommand.ExecuteReader()
   at Impacta.Infra.Repositorios.SqlServer.BaseRepositorio.ExecutarProcedure() in C:\_Projetos\ImpactaCSharp1\Impacta.Infra.Repositorios.SqlServer\BaseRepositorio.cs:line 28
   at Impacta.Infra.Repositorios.SqlServer.Testes.BaseRepositorioTest.ExecutarProcedureTest() in C:\_Projetos\ImpactaCSharp1\Impacta.Infra.Repositorios.SqlServer.Testes\BaseRepositorioTest.cs:line 18
</StackTrace>
        </ErrorInfo>
      </Output>
    </UnitTestResult>
  </Results>
</TestRun>