<?xml version="1.0" encoding="UTF-8"?>
<TestRun id="90a2f34d-3af2-4015-8990-842be6d045be" name="vavelino@WEC823 2013-03-18 18:14:15" runUser="SHCNET\vavelino" xmlns="http://microsoft.com/schemas/VisualStudio/TeamTest/2010">
  <TestSettings name="Local Test Run" id="a1b13695-aa10-44a2-b14f-b5e46c2b5d46">
    <Description>This is a default test run configuration for a local test run.</Description>
    <Deployment runDeploymentRoot="vavelino_WEC823 2013-03-18 18_14_15">
      <DeploymentItem filename="C:\_Projetos\ImpactaCSharp1\Impacta.Dominio\bin\Debug\Impacta.Dominio.dll" />
      <DeploymentItem filename="C:\_Projetos\ImpactaCSharp1\Impacta.Infra.Repositorios.SqlServer\bin\Debug\Impacta.Infra.Repositorios.SqlServer.dll" />
    </Deployment>
    <Execution>
      <TestTypeSpecific />
      <AgentRule name="Execution Agents">
      </AgentRule>
    </Execution>
  </TestSettings>
  <Times creation="2013-03-18T18:14:15.2622653-03:00" queuing="2013-03-18T18:14:17.6013991-03:00" start="2013-03-18T18:14:17.7494076-03:00" finish="2013-03-18T18:15:07.8782748-03:00" />
  <ResultSummary outcome="Error">
    <Counters total="1" executed="1" error="0" failed="0" timeout="0" aborted="1" inconclusive="0" passedButRunAborted="0" notRunnable="0" notExecuted="0" disconnected="0" warning="0" passed="0" completed="0" inProgress="0" pending="0" />
    <RunInfos>
      <RunInfo computerName="WEC823" outcome="Error" timestamp="2013-03-18T18:15:07.8742745-03:00">
        <Text>Test host process exited unexpectedly.</Text>
      </RunInfo>
    </RunInfos>
  </ResultSummary>
  <TestDefinitions>
    <UnitTest name="ExecutarProcedureTest" storage="c:\_projetos\impactacsharp1\impacta.infra.repositorios.sqlserver.testes\bin\debug\impacta.infra.repositorios.sqlserver.testes.dll" id="da732584-e34b-9b64-f7b2-c437ee0ee7b1">
      <Execution id="bda07ac5-3acb-4aaa-89f1-ca6f43323f1a" />
      <TestMethod codeBase="C:/_Projetos/ImpactaCSharp1/Impacta.Infra.Repositorios.SqlServer.Testes/bin/Debug/Impacta.Infra.Repositorios.SqlServer.Testes.DLL" adapterTypeName="Microsoft.VisualStudio.TestTools.TestTypes.Unit.UnitTestAdapter, Microsoft.VisualStudio.QualityTools.Tips.UnitTest.Adapter, Version=10.0.0.0, Culture=neutral, PublicKeyToken=b03f5f7f11d50a3a" className="Impacta.Infra.Repositorios.SqlServer.Testes.BaseRepositorioTest, Impacta.Infra.Repositorios.SqlServer.Testes, Version=1.0.0.0, Culture=neutral, PublicKeyToken=null" name="ExecutarProcedureTest" />
    </UnitTest>
  </TestDefinitions>
  <TestLists>
    <TestList name="Results Not in a List" id="8c84fa94-04c1-424b-9868-57a2d4851a1d" />
    <TestList name="All Loaded Results" id="19431567-8539-422a-85d7-44ee4e166bda" />
  </TestLists>
  <TestEntries>
    <TestEntry testId="da732584-e34b-9b64-f7b2-c437ee0ee7b1" executionId="bda07ac5-3acb-4aaa-89f1-ca6f43323f1a" testListId="8c84fa94-04c1-424b-9868-57a2d4851a1d" />
  </TestEntries>
  <Results>
    <UnitTestResult executionId="bda07ac5-3acb-4aaa-89f1-ca6f43323f1a" testId="da732584-e34b-9b64-f7b2-c437ee0ee7b1" testName="ExecutarProcedureTest" computerName="WEC823" duration="00:00:49.9868591" startTime="2013-03-18T18:14:17.8914157-03:00" endTime="2013-03-18T18:15:07.8782748-03:00" testType="13cdc9d9-ddb5-4fa4-a97d-d965ccfc6d4b" outcome="Aborted" testListId="8c84fa94-04c1-424b-9868-57a2d4851a1d" relativeResultsDirectory="bda07ac5-3acb-4aaa-89f1-ca6f43323f1a">
    </UnitTestResult>
  </Results>
</TestRun>